生成启动时间为 2017/4/20 10:34:34。
     1>项目“C:\Users\Administrator\Desktop\Passbook\Passbook\Passbook.vcxproj”在节点 2 上(Build 个目标)。
     1>ClCompile:
         D:\VS2012\VC\bin\CL.exe /c /ZI /nologo /W3 /WX- /sdl /Od /Oy- /D WIN32 /D _WINDOWS /D _DEBUG /D _UNICODE /D UNICODE /D _AFXDLL /Gm /EHsc /RTC1 /MDd /GS /fp:precise /Zc:wchar_t /Zc:forScope /Yu"stdafx.h" /Fp"Debug\Passbook.pch" /Fo"Debug\\" /Fd"Debug\vc110.pdb" /Gd /TP /analyze- /errorReport:prompt PassbookAgreement.cpp
         PassbookAgreement.cpp
       Link:
         D:\VS2012\VC\bin\link.exe /ERRORREPORT:PROMPT /OUT:"C:\Users\Administrator\Desktop\Passbook\Debug\Passbook.exe" /INCREMENTAL /NOLOGO /MANIFEST /MANIFESTUAC:"level='asInvoker' uiAccess='false'" /manifest:embed /manifestinput:D:\VS2012\VC\Include\Manifest\dpiaware.manifest /DEBUG /PDB:"C:\Users\Administrator\Desktop\Passbook\Debug\Passbook.pdb" /SUBSYSTEM:WINDOWS /TLBID:1 /ENTRY:"wWinMainCRTStartup" /DYNAMICBASE /NXCOMPAT /IMPLIB:"C:\Users\Administrator\Desktop\Passbook\Debug\Passbook.lib" /MACHINE:X86 Debug\Passbook.res
         Debug\Adler32.obj
         Debug\FileEdit.obj
         Debug\Passbook.obj
         Debug\PassbookAgreement.obj
         Debug\PassbookDlg.obj
         Debug\PassbookMainDlg.obj
         Debug\PasswordVerify.obj
         Debug\PasswordHandler.obj
         Debug\PasswordSdk.obj
         Debug\stdafx.obj
         Passbook.vcxproj -> C:\Users\Administrator\Desktop\Passbook\Debug\Passbook.exe
     1>已完成生成项目“C:\Users\Administrator\Desktop\Passbook\Passbook\Passbook.vcxproj”(Build 个目标)的操作。

生成成功。

已用时间 00:00:00.24
