C:\USERS\ADMINISTRATOR\DESKTOP\PASSBOOK\PASSBOOK\DEBUG\PASSBOOK.PCH
C:\USERS\ADMINISTRATOR\DESKTOP\PASSBOOK\PASSBOOK\DEBUG\STDAFX.OBJ
C:\USERS\ADMINISTRATOR\DESKTOP\PASSBOOK\PASSBOOK\DEBUG\VC110.PDB
C:\USERS\ADMINISTRATOR\DESKTOP\PASSBOOK\PASSBOOK\DEBUG\ADLER32.OBJ
C:\USERS\ADMINISTRATOR\DESKTOP\PASSBOOK\PASSBOOK\DEBUG\FILEEDIT.OBJ
C:\USERS\ADMINISTRATOR\DESKTOP\PASSBOOK\PASSBOOK\DEBUG\PASSBOOK.OBJ
C:\USERS\ADMINISTRATOR\DESKTOP\PASSBOOK\PASSBOOK\DEBUG\PASSBOOKAGREEMENT.OBJ
C:\USERS\ADMINISTRATOR\DESKTOP\PASSBOOK\PASSBOOK\DEBUG\PASSBOOKDLG.OBJ
C:\USERS\ADMINISTRATOR\DESKTOP\PASSBOOK\PASSBOOK\DEBUG\PASSBOOKMAINDLG.OBJ
C:\USERS\ADMINISTRATOR\DESKTOP\PASSBOOK\PASSBOOK\DEBUG\PASSWORDHANDLER.OBJ
C:\USERS\ADMINISTRATOR\DESKTOP\PASSBOOK\PASSBOOK\DEBUG\PASSWORDSDK.OBJ
C:\USERS\ADMINISTRATOR\DESKTOP\PASSBOOK\PASSBOOK\DEBUG\PASSWORDVERIFY.OBJ
C:\USERS\ADMINISTRATOR\DESKTOP\PASSBOOK\DEBUG\PASSBOOK.ILK
C:\USERS\ADMINISTRATOR\DESKTOP\PASSBOOK\DEBUG\PASSBOOK.EXE
C:\USERS\ADMINISTRATOR\DESKTOP\PASSBOOK\DEBUG\PASSBOOK.PDB
C:\USERS\ADMINISTRATOR\DESKTOP\PASSBOOK\PASSBOOK\DEBUG\PASSBOOK.RES
C:\Users\Administrator\Desktop\Passbook\Passbook\Debug\Adler32.obj
C:\Users\Administrator\Desktop\Passbook\Passbook\Debug\FileEdit.obj
C:\Users\Administrator\Desktop\Passbook\Passbook\Debug\Passbook.obj
C:\Users\Administrator\Desktop\Passbook\Passbook\Debug\PassbookAgreement.obj
C:\Users\Administrator\Desktop\Passbook\Passbook\Debug\PassbookDlg.obj
C:\Users\Administrator\Desktop\Passbook\Passbook\Debug\PassbookMainDlg.obj
C:\Users\Administrator\Desktop\Passbook\Passbook\Debug\PasswordHandler.obj
C:\Users\Administrator\Desktop\Passbook\Passbook\Debug\PasswordSdk.obj
C:\Users\Administrator\Desktop\Passbook\Passbook\Debug\PasswordVerify.obj
C:\Users\Administrator\Desktop\Passbook\Passbook\Debug\stdafx.obj
C:\Users\Administrator\Desktop\Passbook\Passbook\Debug\cl.command.1.tlog
C:\Users\Administrator\Desktop\Passbook\Passbook\Debug\CL.read.1.tlog
C:\Users\Administrator\Desktop\Passbook\Passbook\Debug\CL.write.1.tlog
C:\Users\Administrator\Desktop\Passbook\Passbook\Debug\link-cvtres.read.1.tlog
C:\Users\Administrator\Desktop\Passbook\Passbook\Debug\link-cvtres.write.1.tlog
C:\Users\Administrator\Desktop\Passbook\Passbook\Debug\link-mt.read.1.tlog
C:\Users\Administrator\Desktop\Passbook\Passbook\Debug\link-mt.write.1.tlog
C:\Users\Administrator\Desktop\Passbook\Passbook\Debug\link-rc.read.1.tlog
C:\Users\Administrator\Desktop\Passbook\Passbook\Debug\link-rc.write.1.tlog
C:\Users\Administrator\Desktop\Passbook\Passbook\Debug\link.1508-cvtres.read.1.tlog
C:\Users\Administrator\Desktop\Passbook\Passbook\Debug\link.1508-cvtres.write.1.tlog
C:\Users\Administrator\Desktop\Passbook\Passbook\Debug\link.1508-mt.read.1.tlog
C:\Users\Administrator\Desktop\Passbook\Passbook\Debug\link.1508-mt.write.1.tlog
C:\Users\Administrator\Desktop\Passbook\Passbook\Debug\link.1508-rc.read.1.tlog
C:\Users\Administrator\Desktop\Passbook\Passbook\Debug\link.1508-rc.write.1.tlog
C:\Users\Administrator\Desktop\Passbook\Passbook\Debug\link.1508.read.1.tlog
C:\Users\Administrator\Desktop\Passbook\Passbook\Debug\link.1508.read.2.tlog
C:\Users\Administrator\Desktop\Passbook\Passbook\Debug\link.1508.write.1.tlog
C:\Users\Administrator\Desktop\Passbook\Passbook\Debug\link.2460-cvtres.read.1.tlog
C:\Users\Administrator\Desktop\Passbook\Passbook\Debug\link.2460-cvtres.write.1.tlog
C:\Users\Administrator\Desktop\Passbook\Passbook\Debug\link.2460-mt.read.1.tlog
C:\Users\Administrator\Desktop\Passbook\Passbook\Debug\link.2460-mt.write.1.tlog
C:\Users\Administrator\Desktop\Passbook\Passbook\Debug\link.2460-rc.read.1.tlog
C:\Users\Administrator\Desktop\Passbook\Passbook\Debug\link.2460-rc.write.1.tlog
C:\Users\Administrator\Desktop\Passbook\Passbook\Debug\link.2460.read.1.tlog
C:\Users\Administrator\Desktop\Passbook\Passbook\Debug\link.2460.read.2.tlog
C:\Users\Administrator\Desktop\Passbook\Passbook\Debug\link.2460.write.1.tlog
C:\Users\Administrator\Desktop\Passbook\Passbook\Debug\link.3056-cvtres.read.1.tlog
C:\Users\Administrator\Desktop\Passbook\Passbook\Debug\link.3056-cvtres.write.1.tlog
C:\Users\Administrator\Desktop\Passbook\Passbook\Debug\link.3056-mt.read.1.tlog
C:\Users\Administrator\Desktop\Passbook\Passbook\Debug\link.3056-mt.write.1.tlog
C:\Users\Administrator\Desktop\Passbook\Passbook\Debug\link.3056-rc.read.1.tlog
C:\Users\Administrator\Desktop\Passbook\Passbook\Debug\link.3056-rc.write.1.tlog
C:\Users\Administrator\Desktop\Passbook\Passbook\Debug\link.3056.read.1.tlog
C:\Users\Administrator\Desktop\Passbook\Passbook\Debug\link.3056.read.2.tlog
C:\Users\Administrator\Desktop\Passbook\Passbook\Debug\link.3056.write.1.tlog
C:\Users\Administrator\Desktop\Passbook\Passbook\Debug\link.4340-cvtres.read.1.tlog
C:\Users\Administrator\Desktop\Passbook\Passbook\Debug\link.4340-cvtres.write.1.tlog
C:\Users\Administrator\Desktop\Passbook\Passbook\Debug\link.4340-mt.read.1.tlog
C:\Users\Administrator\Desktop\Passbook\Passbook\Debug\link.4340-mt.write.1.tlog
C:\Users\Administrator\Desktop\Passbook\Passbook\Debug\link.4340-rc.read.1.tlog
C:\Users\Administrator\Desktop\Passbook\Passbook\Debug\link.4340-rc.write.1.tlog
C:\Users\Administrator\Desktop\Passbook\Passbook\Debug\link.4340.read.1.tlog
C:\Users\Administrator\Desktop\Passbook\Passbook\Debug\link.4340.read.2.tlog
C:\Users\Administrator\Desktop\Passbook\Passbook\Debug\link.4340.write.1.tlog
C:\Users\Administrator\Desktop\Passbook\Passbook\Debug\link.6016-cvtres.read.1.tlog
C:\Users\Administrator\Desktop\Passbook\Passbook\Debug\link.6016-cvtres.write.1.tlog
C:\Users\Administrator\Desktop\Passbook\Passbook\Debug\link.6016-mt.read.1.tlog
C:\Users\Administrator\Desktop\Passbook\Passbook\Debug\link.6016-mt.write.1.tlog
C:\Users\Administrator\Desktop\Passbook\Passbook\Debug\link.6016-rc.read.1.tlog
C:\Users\Administrator\Desktop\Passbook\Passbook\Debug\link.6016-rc.write.1.tlog
C:\Users\Administrator\Desktop\Passbook\Passbook\Debug\link.6016.read.1.tlog
C:\Users\Administrator\Desktop\Passbook\Passbook\Debug\link.6016.read.2.tlog
C:\Users\Administrator\Desktop\Passbook\Passbook\Debug\link.6016.write.1.tlog
C:\Users\Administrator\Desktop\Passbook\Passbook\Debug\link.6056-cvtres.read.1.tlog
C:\Users\Administrator\Desktop\Passbook\Passbook\Debug\link.6056-cvtres.write.1.tlog
C:\Users\Administrator\Desktop\Passbook\Passbook\Debug\link.6056-mt.read.1.tlog
C:\Users\Administrator\Desktop\Passbook\Passbook\Debug\link.6056-mt.write.1.tlog
C:\Users\Administrator\Desktop\Passbook\Passbook\Debug\link.6056-rc.read.1.tlog
C:\Users\Administrator\Desktop\Passbook\Passbook\Debug\link.6056-rc.write.1.tlog
C:\Users\Administrator\Desktop\Passbook\Passbook\Debug\link.6056.read.1.tlog
C:\Users\Administrator\Desktop\Passbook\Passbook\Debug\link.6056.read.2.tlog
C:\Users\Administrator\Desktop\Passbook\Passbook\Debug\link.6056.write.1.tlog
C:\Users\Administrator\Desktop\Passbook\Passbook\Debug\link.6236-cvtres.read.1.tlog
C:\Users\Administrator\Desktop\Passbook\Passbook\Debug\link.6236-cvtres.write.1.tlog
C:\Users\Administrator\Desktop\Passbook\Passbook\Debug\link.6236-mt.read.1.tlog
C:\Users\Administrator\Desktop\Passbook\Passbook\Debug\link.6236-mt.write.1.tlog
C:\Users\Administrator\Desktop\Passbook\Passbook\Debug\link.6236-rc.read.1.tlog
C:\Users\Administrator\Desktop\Passbook\Passbook\Debug\link.6236-rc.write.1.tlog
C:\Users\Administrator\Desktop\Passbook\Passbook\Debug\link.6236.read.1.tlog
C:\Users\Administrator\Desktop\Passbook\Passbook\Debug\link.6236.read.2.tlog
C:\Users\Administrator\Desktop\Passbook\Passbook\Debug\link.6236.write.1.tlog
C:\Users\Administrator\Desktop\Passbook\Passbook\Debug\link.6332-cvtres.read.1.tlog
C:\Users\Administrator\Desktop\Passbook\Passbook\Debug\link.6332-cvtres.write.1.tlog
C:\Users\Administrator\Desktop\Passbook\Passbook\Debug\link.6332-mt.read.1.tlog
C:\Users\Administrator\Desktop\Passbook\Passbook\Debug\link.6332-mt.write.1.tlog
C:\Users\Administrator\Desktop\Passbook\Passbook\Debug\link.6332-rc.read.1.tlog
C:\Users\Administrator\Desktop\Passbook\Passbook\Debug\link.6332-rc.write.1.tlog
C:\Users\Administrator\Desktop\Passbook\Passbook\Debug\link.6332.read.1.tlog
C:\Users\Administrator\Desktop\Passbook\Passbook\Debug\link.6332.read.2.tlog
C:\Users\Administrator\Desktop\Passbook\Passbook\Debug\link.6332.write.1.tlog
C:\Users\Administrator\Desktop\Passbook\Passbook\Debug\link.6424-cvtres.read.1.tlog
C:\Users\Administrator\Desktop\Passbook\Passbook\Debug\link.6424-cvtres.write.1.tlog
C:\Users\Administrator\Desktop\Passbook\Passbook\Debug\link.6424-mt.read.1.tlog
C:\Users\Administrator\Desktop\Passbook\Passbook\Debug\link.6424-mt.write.1.tlog
C:\Users\Administrator\Desktop\Passbook\Passbook\Debug\link.6424-rc.read.1.tlog
C:\Users\Administrator\Desktop\Passbook\Passbook\Debug\link.6424-rc.write.1.tlog
C:\Users\Administrator\Desktop\Passbook\Passbook\Debug\link.6424.read.1.tlog
C:\Users\Administrator\Desktop\Passbook\Passbook\Debug\link.6424.read.2.tlog
C:\Users\Administrator\Desktop\Passbook\Passbook\Debug\link.6424.write.1.tlog
C:\Users\Administrator\Desktop\Passbook\Passbook\Debug\link.6440-cvtres.read.1.tlog
C:\Users\Administrator\Desktop\Passbook\Passbook\Debug\link.6440-cvtres.write.1.tlog
C:\Users\Administrator\Desktop\Passbook\Passbook\Debug\link.6440-mt.read.1.tlog
C:\Users\Administrator\Desktop\Passbook\Passbook\Debug\link.6440-mt.write.1.tlog
C:\Users\Administrator\Desktop\Passbook\Passbook\Debug\link.6440-rc.read.1.tlog
C:\Users\Administrator\Desktop\Passbook\Passbook\Debug\link.6440-rc.write.1.tlog
C:\Users\Administrator\Desktop\Passbook\Passbook\Debug\link.6440.read.1.tlog
C:\Users\Administrator\Desktop\Passbook\Passbook\Debug\link.6440.read.2.tlog
C:\Users\Administrator\Desktop\Passbook\Passbook\Debug\link.6440.write.1.tlog
C:\Users\Administrator\Desktop\Passbook\Passbook\Debug\link.6932-cvtres.read.1.tlog
C:\Users\Administrator\Desktop\Passbook\Passbook\Debug\link.6932-cvtres.write.1.tlog
C:\Users\Administrator\Desktop\Passbook\Passbook\Debug\link.6932-mt.read.1.tlog
C:\Users\Administrator\Desktop\Passbook\Passbook\Debug\link.6932-mt.write.1.tlog
C:\Users\Administrator\Desktop\Passbook\Passbook\Debug\link.6932-rc.read.1.tlog
C:\Users\Administrator\Desktop\Passbook\Passbook\Debug\link.6932-rc.write.1.tlog
C:\Users\Administrator\Desktop\Passbook\Passbook\Debug\link.6932.read.1.tlog
C:\Users\Administrator\Desktop\Passbook\Passbook\Debug\link.6932.read.2.tlog
C:\Users\Administrator\Desktop\Passbook\Passbook\Debug\link.6932.write.1.tlog
C:\Users\Administrator\Desktop\Passbook\Passbook\Debug\link.7288-cvtres.read.1.tlog
C:\Users\Administrator\Desktop\Passbook\Passbook\Debug\link.7288-cvtres.write.1.tlog
C:\Users\Administrator\Desktop\Passbook\Passbook\Debug\link.7288-mt.read.1.tlog
C:\Users\Administrator\Desktop\Passbook\Passbook\Debug\link.7288-mt.write.1.tlog
C:\Users\Administrator\Desktop\Passbook\Passbook\Debug\link.7288-rc.read.1.tlog
C:\Users\Administrator\Desktop\Passbook\Passbook\Debug\link.7288-rc.write.1.tlog
C:\Users\Administrator\Desktop\Passbook\Passbook\Debug\link.7288.read.1.tlog
C:\Users\Administrator\Desktop\Passbook\Passbook\Debug\link.7288.read.2.tlog
C:\Users\Administrator\Desktop\Passbook\Passbook\Debug\link.7288.write.1.tlog
C:\Users\Administrator\Desktop\Passbook\Passbook\Debug\link.7728-cvtres.read.1.tlog
C:\Users\Administrator\Desktop\Passbook\Passbook\Debug\link.7728-cvtres.write.1.tlog
C:\Users\Administrator\Desktop\Passbook\Passbook\Debug\link.7728-mt.read.1.tlog
C:\Users\Administrator\Desktop\Passbook\Passbook\Debug\link.7728-mt.write.1.tlog
C:\Users\Administrator\Desktop\Passbook\Passbook\Debug\link.7728-rc.read.1.tlog
C:\Users\Administrator\Desktop\Passbook\Passbook\Debug\link.7728-rc.write.1.tlog
C:\Users\Administrator\Desktop\Passbook\Passbook\Debug\link.7728.read.1.tlog
C:\Users\Administrator\Desktop\Passbook\Passbook\Debug\link.7728.write.1.tlog
C:\Users\Administrator\Desktop\Passbook\Passbook\Debug\link.command.1.tlog
C:\Users\Administrator\Desktop\Passbook\Passbook\Debug\link.read.1.tlog
C:\Users\Administrator\Desktop\Passbook\Passbook\Debug\link.read.2.tlog
C:\Users\Administrator\Desktop\Passbook\Passbook\Debug\link.write.1.tlog
C:\Users\Administrator\Desktop\Passbook\Passbook\Debug\rc.command.1.tlog
C:\Users\Administrator\Desktop\Passbook\Passbook\Debug\rc.read.1.tlog
C:\Users\Administrator\Desktop\Passbook\Passbook\Debug\rc.write.1.tlog
C:\Users\Administrator\Desktop\Passbook\Passbook\Debug\Passbook.res
C:\Users\Administrator\Desktop\Passbook\Passbook\Debug\Passbook.pch
C:\Users\Administrator\Desktop\Passbook\Passbook\Debug\vc110.idb
C:\Users\Administrator\Desktop\Passbook\Passbook\Debug\vc110.pdb
C:\Users\Administrator\Desktop\Passbook\Debug\Passbook.pdb
C:\Users\Administrator\Desktop\Passbook\Debug\Passbook.exe
C:\Users\Administrator\Desktop\Passbook\Debug\Passbook.ilk
